<?xml version="1.0" encoding="UTF-8"?>
<!-- Generated by org.testng.reporters.JUnitReportReporter -->
<testsuite hostname="DESKTOP-BPC4G7D" name="testngg.NewTest" tests="3" failures="0" timestamp="5 Nov 2019 05:39:09 GMT" time="0.015" errors="0">
  <testcase name="k" time="0.015" classname="testngg.NewTest"/>
  <testcase name="a" time="0.000" classname="testngg.NewTest"/>
  <testcase name="c" time="0.000" classname="testngg.NewTest"/>
</testsuite> <!-- testngg.NewTest -->
